{"/Users/phantom/Documents/Solar Landscape/frontend/src/App.tsx": {"path":"/Users/phantom/Documents/Solar Landscape/frontend/src/App.tsx","statementMap":{"0":{"start":{"line":1,"column":0},"end":{"line":1,"column":26}},"1":{"start":{"line":2,"column":0},"end":{"line":2,"column":19}},"2":{"start":{"line":3,"column":0},"end":{"line":3,"column":57}},"3":{"start":{"line":4,"column":0},"end":{"line":4,"column":42}},"4":{"start":{"line":7,"column":2},"end":{"line":12,"column":4}},"5":{"start":{"line":15,"column":0},"end":{"line":15,"column":19}}},"fnMap":{"0":{"name":"App","decl":{"start":{"line":6,"column":9},"end":{"line":6,"column":12}},"loc":{"start":{"line":6,"column":12},"end":{"line":13,"column":1}}}},"branchMap":{},"s":{"0":0,"1":0,"2":0,"3":0,"4":0,"5":0},"f":{"0":0},"b":{}}
,"/Users/phantom/Documents/Solar Landscape/frontend/src/index.tsx": {"path":"/Users/phantom/Documents/Solar Landscape/frontend/src/index.tsx","statementMap":{"0":{"start":{"line":1,"column":0},"end":{"line":1,"column":34}},"1":{"start":{"line":2,"column":0},"end":{"line":2,"column":45}},"2":{"start":{"line":3,"column":0},"end":{"line":3,"column":27}},"3":{"start":{"line":5,"column":0},"end":{"line":9,"column":null}}},"fnMap":{},"branchMap":{},"s":{"0":0,"1":0,"2":0,"3":0},"f":{},"b":{}}
,"/Users/phantom/Documents/Solar Landscape/frontend/src/components/EnrollmentForm.tsx": {"path":"/Users/phantom/Documents/Solar Landscape/frontend/src/components/EnrollmentForm.tsx","statementMap":{"0":{"start":{"line":1,"column":0},"end":{"line":1,"column":54}},"1":{"start":{"line":2,"column":0},"end":{"line":2,"column":40}},"2":{"start":{"line":3,"column":0},"end":{"line":3,"column":42}},"3":{"start":{"line":4,"column":0},"end":{"line":4,"column":36}},"4":{"start":{"line":5,"column":0},"end":{"line":5,"column":32}},"5":{"start":{"line":6,"column":0},"end":{"line":6,"column":72}},"6":{"start":{"line":7,"column":0},"end":{"line":7,"column":62}},"7":{"start":{"line":8,"column":0},"end":{"line":8,"column":70}},"8":{"start":{"line":9,"column":0},"end":{"line":9,"column":66}},"9":{"start":{"line":10,"column":0},"end":{"line":10,"column":66}},"10":{"start":{"line":11,"column":0},"end":{"line":11,"column":59}},"11":{"start":{"line":14,"column":23},"end":{"line":137,"column":1}},"12":{"start":{"line":15,"column":42},"end":{"line":15,"column":72}},"13":{"start":{"line":16,"column":27},"end":{"line":16,"column":60}},"14":{"start":{"line":17,"column":32},"end":{"line":17,"column":47}},"15":{"start":{"line":18,"column":42},"end":{"line":18,"column":70}},"16":{"start":{"line":20,"column":77},"end":{"line":23,"column":4}},"17":{"start":{"line":25,"column":14},"end":{"line":25,"column":26}},"18":{"start":{"line":26,"column":18},"end":{"line":26,"column":34}},"19":{"start":{"line":28,"column":2},"end":{"line":42,"column":22}},"20":{"start":{"line":29,"column":4},"end":{"line":41,"column":5}},"21":{"start":{"line":30,"column":6},"end":{"line":40,"column":25}},"22":{"start":{"line":32,"column":10},"end":{"line":38,"column":11}},"23":{"start":{"line":33,"column":38},"end":{"line":33,"column":67}},"24":{"start":{"line":34,"column":12},"end":{"line":34,"column":43}},"25":{"start":{"line":35,"column":12},"end":{"line":37,"column":13}},"26":{"start":{"line":36,"column":14},"end":{"line":36,"column":53}},"27":{"start":{"line":44,"column":26},"end":{"line":74,"column":3}},"28":{"start":{"line":50,"column":4},"end":{"line":50,"column":21}},"29":{"start":{"line":51,"column":4},"end":{"line":51,"column":26}},"30":{"start":{"line":52,"column":4},"end":{"line":72,"column":5}},"31":{"start":{"line":53,"column":18},"end":{"line":53,"column":63}},"32":{"start":{"line":54,"column":6},"end":{"line":54,"column":33}},"33":{"start":{"line":55,"column":6},"end":{"line":68,"column":7}},"34":{"start":{"line":56,"column":8},"end":{"line":56,"column":43}},"35":{"start":{"line":58,"column":8},"end":{"line":67,"column":9}},"36":{"start":{"line":59,"column":26},"end":{"line":59,"column":37}},"37":{"start":{"line":60,"column":29},"end":{"line":60,"column":31}},"38":{"start":{"line":61,"column":10},"end":{"line":61,"column":58}},"39":{"start":{"line":61,"column":34},"end":{"line":61,"column":58}},"40":{"start":{"line":62,"column":10},"end":{"line":62,"column":60}},"41":{"start":{"line":62,"column":35},"end":{"line":62,"column":60}},"42":{"start":{"line":63,"column":10},"end":{"line":63,"column":61}},"43":{"start":{"line":63,"column":33},"end":{"line":63,"column":61}},"44":{"start":{"line":64,"column":10},"end":{"line":64,"column":80}},"45":{"start":{"line":66,"column":10},"end":{"line":66,"column":81}},"46":{"start":{"line":70,"column":6},"end":{"line":70,"column":28}},"47":{"start":{"line":71,"column":6},"end":{"line":71,"column":48}},"48":{"start":{"line":73,"column":4},"end":{"line":73,"column":22}},"49":{"start":{"line":76,"column":34},"end":{"line":84,"column":3}},"50":{"start":{"line":77,"column":24},"end":{"line":82,"column":6}},"51":{"start":{"line":83,"column":4},"end":{"line":83,"column":33}},"52":{"start":{"line":86,"column":19},"end":{"line":102,"column":3}},"53":{"start":{"line":87,"column":4},"end":{"line":87,"column":21}},"54":{"start":{"line":88,"column":4},"end":{"line":88,"column":26}},"55":{"start":{"line":89,"column":4},"end":{"line":100,"column":5}},"56":{"start":{"line":90,"column":18},"end":{"line":90,"column":64}},"57":{"start":{"line":91,"column":6},"end":{"line":91,"column":53}},"58":{"start":{"line":92,"column":6},"end":{"line":92,"column":60}},"59":{"start":{"line":94,"column":21},"end":{"line":94,"column":36}},"60":{"start":{"line":95,"column":6},"end":{"line":97,"column":7}},"61":{"start":{"line":96,"column":8},"end":{"line":96,"column":31}},"62":{"start":{"line":98,"column":6},"end":{"line":98,"column":59}},"63":{"start":{"line":99,"column":6},"end":{"line":99,"column":40}},"64":{"start":{"line":101,"column":4},"end":{"line":101,"column":22}},"65":{"start":{"line":104,"column":2},"end":{"line":136,"column":4}},"66":{"start":{"line":139,"column":0},"end":{"line":139,"column":30}}},"fnMap":{"0":{"name":"(anonymous_10)","decl":{"start":{"line":14,"column":23},"end":{"line":14,"column":26}},"loc":{"start":{"line":14,"column":28},"end":{"line":137,"column":1}}},"1":{"name":"(anonymous_11)","decl":{"start":{"line":28,"column":18},"end":{"line":28,"column":21}},"loc":{"start":{"line":28,"column":23},"end":{"line":42,"column":3}}},"2":{"name":"(anonymous_12)","decl":{"start":{"line":31,"column":14},"end":{"line":31,"column":17}},"loc":{"start":{"line":31,"column":20},"end":{"line":39,"column":9}}},"3":{"name":"(anonymous_13)","decl":{"start":{"line":40,"column":15},"end":{"line":40,"column":18}},"loc":{"start":{"line":40,"column":20},"end":{"line":40,"column":23}}},"4":{"name":"(anonymous_14)","decl":{"start":{"line":44,"column":26},"end":{"line":44,"column":31}},"loc":{"start":{"line":49,"column":7},"end":{"line":74,"column":3}}},"5":{"name":"(anonymous_15)","decl":{"start":{"line":76,"column":34},"end":{"line":76,"column":37}},"loc":{"start":{"line":76,"column":39},"end":{"line":84,"column":3}}},"6":{"name":"(anonymous_16)","decl":{"start":{"line":86,"column":19},"end":{"line":86,"column":24}},"loc":{"start":{"line":86,"column":54},"end":{"line":102,"column":3}}}},"branchMap":{"0":{"loc":{"start":{"line":29,"column":4},"end":{"line":41,"column":5}},"type":"if","locations":[{"start":{"line":29,"column":4},"end":{"line":41,"column":5}}]},"1":{"loc":{"start":{"line":29,"column":8},"end":{"line":29,"column":31}},"type":"binary-expr","locations":[{"start":{"line":29,"column":8},"end":{"line":29,"column":11}},{"start":{"line":29,"column":15},"end":{"line":29,"column":31}}]},"2":{"loc":{"start":{"line":32,"column":10},"end":{"line":38,"column":11}},"type":"if","locations":[{"start":{"line":32,"column":10},"end":{"line":38,"column":11}}]},"3":{"loc":{"start":{"line":35,"column":12},"end":{"line":37,"column":13}},"type":"if","locations":[{"start":{"line":35,"column":12},"end":{"line":37,"column":13}}]},"4":{"loc":{"start":{"line":35,"column":16},"end":{"line":35,"column":107}},"type":"binary-expr","locations":[{"start":{"line":35,"column":16},"end":{"line":35,"column":44}},{"start":{"line":35,"column":48},"end":{"line":35,"column":76}},{"start":{"line":35,"column":80},"end":{"line":35,"column":107}}]},"5":{"loc":{"start":{"line":55,"column":6},"end":{"line":68,"column":7}},"type":"if","locations":[{"start":{"line":55,"column":6},"end":{"line":68,"column":7}},{"start":{"line":57,"column":13},"end":{"line":68,"column":7}}]},"6":{"loc":{"start":{"line":58,"column":8},"end":{"line":67,"column":9}},"type":"if","locations":[{"start":{"line":58,"column":8},"end":{"line":67,"column":9}},{"start":{"line":65,"column":15},"end":{"line":67,"column":9}}]},"7":{"loc":{"start":{"line":61,"column":10},"end":{"line":61,"column":58}},"type":"if","locations":[{"start":{"line":61,"column":10},"end":{"line":61,"column":58}}]},"8":{"loc":{"start":{"line":62,"column":10},"end":{"line":62,"column":60}},"type":"if","locations":[{"start":{"line":62,"column":10},"end":{"line":62,"column":60}}]},"9":{"loc":{"start":{"line":63,"column":10},"end":{"line":63,"column":61}},"type":"if","locations":[{"start":{"line":63,"column":10},"end":{"line":63,"column":61}}]},"10":{"loc":{"start":{"line":66,"column":45},"end":{"line":66,"column":78}},"type":"binary-expr","locations":[{"start":{"line":66,"column":45},"end":{"line":66,"column":55}},{"start":{"line":66,"column":59},"end":{"line":66,"column":78}}]},"11":{"loc":{"start":{"line":95,"column":6},"end":{"line":97,"column":7}},"type":"if","locations":[{"start":{"line":95,"column":6},"end":{"line":97,"column":7}}]},"12":{"loc":{"start":{"line":131,"column":11},"end":{"line":131,"column":39}},"type":"cond-expr","locations":[{"start":{"line":131,"column":21},"end":{"line":131,"column":32}},{"start":{"line":131,"column":35},"end":{"line":131,"column":39}}]},"13":{"loc":{"start":{"line":132,"column":11},"end":{"line":132,"column":58}},"type":"cond-expr","locations":[{"start":{"line":132,"column":21},"end":{"line":132,"column":36}},{"start":{"line":132,"column":39},"end":{"line":132,"column":58}}]}},"s":{"0":0,"1":0,"2":0,"3":0,"4":0,"5":0,"6":0,"7":0,"8":0,"9":0,"10":0,"11":0,"12":0,"13":0,"14":0,"15":0,"16":0,"17":0,"18":0,"19":0,"20":0,"21":0,"22":0,"23":0,"24":0,"25":0,"26":0,"27":0,"28":0,"29":0,"30":0,"31":0,"32":0,"33":0,"34":0,"35":0,"36":0,"37":0,"38":0,"39":0,"40":0,"41":0,"42":0,"43":0,"44":0,"45":0,"46":0,"47":0,"48":0,"49":0,"50":0,"51":0,"52":0,"53":0,"54":0,"55":0,"56":0,"57":0,"58":0,"59":0,"60":0,"61":0,"62":0,"63":0,"64":0,"65":0,"66":0},"f":{"0":0,"1":0,"2":0,"3":0,"4":0,"5":0,"6":0},"b":{"0":[0],"1":[0,0],"2":[0],"3":[0],"4":[0,0,0],"5":[0,0],"6":[0,0],"7":[0],"8":[0],"9":[0],"10":[0,0],"11":[0],"12":[0,0],"13":[0,0]}}
,"/Users/phantom/Documents/Solar Landscape/frontend/src/components/SelectInput.tsx": {"path":"/Users/phantom/Documents/Solar Landscape/frontend/src/components/SelectInput.tsx","statementMap":{"0":{"start":{"line":1,"column":0},"end":{"line":1,"column":26}},"1":{"start":{"line":14,"column":48},"end":{"line":41,"column":null}},"2":{"start":{"line":24,"column":2},"end":{"line":40,"column":null}},"3":{"start":{"line":36,"column":8},"end":{"line":36,"column":32}},"4":{"start":{"line":44,"column":0},"end":{"line":44,"column":27}}},"fnMap":{"0":{"name":"(anonymous_1)","decl":{"start":{"line":14,"column":48},"end":{"line":14,"column":49}},"loc":{"start":{"line":24,"column":2},"end":{"line":40,"column":null}}},"1":{"name":"(anonymous_2)","decl":{"start":{"line":35,"column":19},"end":{"line":35,"column":22}},"loc":{"start":{"line":36,"column":8},"end":{"line":36,"column":32}}}},"branchMap":{"0":{"loc":{"start":{"line":28,"column":210},"end":{"line":28,"column":252}},"type":"cond-expr","locations":[{"start":{"line":28,"column":218},"end":{"line":28,"column":247}},{"start":{"line":28,"column":250},"end":{"line":28,"column":252}}]},"1":{"loc":{"start":{"line":39,"column":5},"end":{"line":39,"column":101}},"type":"binary-expr","locations":[{"start":{"line":39,"column":5},"end":{"line":39,"column":11}},{"start":{"line":39,"column":15},"end":{"line":39,"column":101}}]},"2":{"loc":{"start":{"line":40,"column":5},"end":{"line":40,"column":97}},"type":"binary-expr","locations":[{"start":{"line":40,"column":5},"end":{"line":40,"column":10}},{"start":{"line":40,"column":14},"end":{"line":40,"column":97}}]}},"s":{"0":0,"1":0,"2":0,"3":0,"4":0},"f":{"0":0,"1":0},"b":{"0":[0,0],"1":[0,0],"2":[0,0]}}
,"/Users/phantom/Documents/Solar Landscape/frontend/src/components/Spinner.tsx": {"path":"/Users/phantom/Documents/Solar Landscape/frontend/src/components/Spinner.tsx","statementMap":{"0":{"start":{"line":1,"column":0},"end":{"line":1,"column":26}},"1":{"start":{"line":3,"column":16},"end":{"line":7,"column":null}},"2":{"start":{"line":4,"column":2},"end":{"line":6,"column":null}},"3":{"start":{"line":10,"column":0},"end":{"line":10,"column":23}}},"fnMap":{"0":{"name":"(anonymous_1)","decl":{"start":{"line":3,"column":16},"end":{"line":3,"column":19}},"loc":{"start":{"line":4,"column":2},"end":{"line":6,"column":null}}}},"branchMap":{},"s":{"0":0,"1":0,"2":0,"3":0},"f":{"0":0},"b":{}}
,"/Users/phantom/Documents/Solar Landscape/frontend/src/components/TextInput.tsx": {"path":"/Users/phantom/Documents/Solar Landscape/frontend/src/components/TextInput.tsx","statementMap":{"0":{"start":{"line":1,"column":0},"end":{"line":1,"column":26}},"1":{"start":{"line":15,"column":44},"end":{"line":41,"column":null}},"2":{"start":{"line":26,"column":2},"end":{"line":40,"column":null}},"3":{"start":{"line":44,"column":0},"end":{"line":44,"column":25}}},"fnMap":{"0":{"name":"(anonymous_1)","decl":{"start":{"line":15,"column":44},"end":{"line":15,"column":45}},"loc":{"start":{"line":26,"column":2},"end":{"line":40,"column":null}}}},"branchMap":{"0":{"loc":{"start":{"line":18,"column":2},"end":{"line":18,"column":15}},"type":"default-arg","locations":[{"start":{"line":18,"column":9},"end":{"line":18,"column":15}}]},"1":{"loc":{"start":{"line":32,"column":231},"end":{"line":32,"column":273}},"type":"cond-expr","locations":[{"start":{"line":32,"column":239},"end":{"line":32,"column":268}},{"start":{"line":32,"column":271},"end":{"line":32,"column":273}}]},"2":{"loc":{"start":{"line":39,"column":5},"end":{"line":39,"column":101}},"type":"binary-expr","locations":[{"start":{"line":39,"column":5},"end":{"line":39,"column":11}},{"start":{"line":39,"column":15},"end":{"line":39,"column":101}}]},"3":{"loc":{"start":{"line":40,"column":5},"end":{"line":40,"column":97}},"type":"binary-expr","locations":[{"start":{"line":40,"column":5},"end":{"line":40,"column":10}},{"start":{"line":40,"column":14},"end":{"line":40,"column":97}}]}},"s":{"0":0,"1":0,"2":0,"3":0},"f":{"0":0},"b":{"0":[0],"1":[0,0],"2":[0,0],"3":[0,0]}}
,"/Users/phantom/Documents/Solar Landscape/frontend/src/components/enrollment-form/AddressSection.tsx": {"path":"/Users/phantom/Documents/Solar Landscape/frontend/src/components/enrollment-form/AddressSection.tsx","statementMap":{"0":{"start":{"line":1,"column":0},"end":{"line":1,"column":26}},"1":{"start":{"line":2,"column":0},"end":{"line":2,"column":37}},"2":{"start":{"line":3,"column":0},"end":{"line":3,"column":33}},"3":{"start":{"line":13,"column":54},"end":{"line":73,"column":1}},"4":{"start":{"line":20,"column":2},"end":{"line":72,"column":4}},"5":{"start":{"line":75,"column":0},"end":{"line":75,"column":30}}},"fnMap":{"0":{"name":"(anonymous_1)","decl":{"start":{"line":13,"column":54},"end":{"line":13,"column":55}},"loc":{"start":{"line":19,"column":5},"end":{"line":73,"column":1}}}},"branchMap":{"0":{"loc":{"start":{"line":61,"column":11},"end":{"line":61,"column":39}},"type":"cond-expr","locations":[{"start":{"line":61,"column":21},"end":{"line":61,"column":32}},{"start":{"line":61,"column":35},"end":{"line":61,"column":39}}]},"1":{"loc":{"start":{"line":62,"column":11},"end":{"line":62,"column":57}},"type":"cond-expr","locations":[{"start":{"line":62,"column":21},"end":{"line":62,"column":36}},{"start":{"line":62,"column":39},"end":{"line":62,"column":57}}]},"2":{"loc":{"start":{"line":64,"column":9},"end":{"line":65,"column":null}},"type":"binary-expr","locations":[{"start":{"line":64,"column":9},"end":{"line":64,"column":30}},{"start":{"line":65,"column":10},"end":{"line":65,"column":79}}]},"3":{"loc":{"start":{"line":67,"column":9},"end":{"line":68,"column":null}},"type":"binary-expr","locations":[{"start":{"line":67,"column":9},"end":{"line":67,"column":31}},{"start":{"line":68,"column":10},"end":{"line":68,"column":76}}]}},"s":{"0":0,"1":0,"2":0,"3":0,"4":0,"5":0},"f":{"0":0},"b":{"0":[0,0],"1":[0,0],"2":[0,0],"3":[0,0]}}
,"/Users/phantom/Documents/Solar Landscape/frontend/src/components/enrollment-form/PersonalInformation.tsx": {"path":"/Users/phantom/Documents/Solar Landscape/frontend/src/components/enrollment-form/PersonalInformation.tsx","statementMap":{"0":{"start":{"line":1,"column":0},"end":{"line":1,"column":26}},"1":{"start":{"line":2,"column":0},"end":{"line":2,"column":37}},"2":{"start":{"line":9,"column":64},"end":{"line":32,"column":1}},"3":{"start":{"line":10,"column":2},"end":{"line":31,"column":4}},"4":{"start":{"line":34,"column":0},"end":{"line":34,"column":35}}},"fnMap":{"0":{"name":"(anonymous_1)","decl":{"start":{"line":9,"column":64},"end":{"line":9,"column":65}},"loc":{"start":{"line":9,"column":89},"end":{"line":32,"column":1}}}},"branchMap":{},"s":{"0":0,"1":0,"2":0,"3":0,"4":0},"f":{"0":0},"b":{}}
,"/Users/phantom/Documents/Solar Landscape/frontend/src/components/enrollment-form/UtilityInformation.tsx": {"path":"/Users/phantom/Documents/Solar Landscape/frontend/src/components/enrollment-form/UtilityInformation.tsx","statementMap":{"0":{"start":{"line":1,"column":0},"end":{"line":1,"column":26}},"1":{"start":{"line":2,"column":0},"end":{"line":2,"column":37}},"2":{"start":{"line":3,"column":0},"end":{"line":3,"column":41}},"3":{"start":{"line":13,"column":62},"end":{"line":62,"column":1}},"4":{"start":{"line":20,"column":2},"end":{"line":61,"column":4}},"5":{"start":{"line":30,"column":40},"end":{"line":30,"column":62}},"6":{"start":{"line":64,"column":0},"end":{"line":64,"column":34}}},"fnMap":{"0":{"name":"(anonymous_1)","decl":{"start":{"line":13,"column":62},"end":{"line":13,"column":63}},"loc":{"start":{"line":19,"column":5},"end":{"line":62,"column":1}}},"1":{"name":"(anonymous_2)","decl":{"start":{"line":30,"column":32},"end":{"line":30,"column":33}},"loc":{"start":{"line":30,"column":40},"end":{"line":30,"column":62}}}},"branchMap":{"0":{"loc":{"start":{"line":34,"column":18},"end":{"line":34,"column":36}},"type":"binary-expr","locations":[{"start":{"line":34,"column":18},"end":{"line":34,"column":23}},{"start":{"line":34,"column":27},"end":{"line":34,"column":36}}]},"1":{"loc":{"start":{"line":40,"column":10},"end":{"line":44,"column":25}},"type":"cond-expr","locations":[{"start":{"line":41,"column":14},"end":{"line":41,"column":25}},{"start":{"line":42,"column":14},"end":{"line":44,"column":25}}]},"2":{"loc":{"start":{"line":42,"column":14},"end":{"line":44,"column":25}},"type":"cond-expr","locations":[{"start":{"line":43,"column":14},"end":{"line":43,"column":25}},{"start":{"line":44,"column":14},"end":{"line":44,"column":25}}]}},"s":{"0":0,"1":0,"2":0,"3":0,"4":0,"5":0,"6":0},"f":{"0":0,"1":0},"b":{"0":[0,0],"1":[0,0],"2":[0,0]}}
,"/Users/phantom/Documents/Solar Landscape/frontend/src/services/enrollmentService.ts": {"path":"/Users/phantom/Documents/Solar Landscape/frontend/src/services/enrollmentService.ts","statementMap":{"0":{"start":{"line":1,"column":0},"end":{"line":1,"column":26}},"1":{"start":{"line":11,"column":13},"end":{"line":26,"column":2}},"2":{"start":{"line":13,"column":21},"end":{"line":13,"column":89}},"3":{"start":{"line":14,"column":4},"end":{"line":14,"column":25}},"4":{"start":{"line":18,"column":21},"end":{"line":18,"column":79}},"5":{"start":{"line":19,"column":4},"end":{"line":19,"column":25}},"6":{"start":{"line":23,"column":21},"end":{"line":23,"column":82}},"7":{"start":{"line":24,"column":4},"end":{"line":24,"column":25}}},"fnMap":{"0":{"name":"(anonymous_1)","decl":{"start":{"line":12,"column":2},"end":{"line":12,"column":7}},"loc":{"start":{"line":12,"column":51},"end":{"line":15,"column":3}}},"1":{"name":"(anonymous_2)","decl":{"start":{"line":17,"column":2},"end":{"line":17,"column":7}},"loc":{"start":{"line":17,"column":49},"end":{"line":20,"column":3}}},"2":{"name":"(anonymous_3)","decl":{"start":{"line":22,"column":2},"end":{"line":22,"column":7}},"loc":{"start":{"line":22,"column":35},"end":{"line":25,"column":3}}}},"branchMap":{},"s":{"0":1,"1":1,"2":2,"3":2,"4":1,"5":1,"6":1,"7":1},"f":{"0":2,"1":1,"2":1},"b":{}}
,"/Users/phantom/Documents/Solar Landscape/frontend/src/utils/utilityHelpers.ts": {"path":"/Users/phantom/Documents/Solar Landscape/frontend/src/utils/utilityHelpers.ts","statementMap":{"0":{"start":{"line":1,"column":0},"end":{"line":1,"column":16}},"1":{"start":{"line":2,"column":2},"end":{"line":2,"column":58}},"2":{"start":{"line":2,"column":44},"end":{"line":2,"column":58}},"3":{"start":{"line":3,"column":2},"end":{"line":3,"column":67}},"4":{"start":{"line":3,"column":53},"end":{"line":3,"column":67}},"5":{"start":{"line":4,"column":2},"end":{"line":4,"column":65}},"6":{"start":{"line":4,"column":52},"end":{"line":4,"column":65}},"7":{"start":{"line":5,"column":2},"end":{"line":5,"column":28}}},"fnMap":{"0":{"name":"normalizeUtility","decl":{"start":{"line":1,"column":16},"end":{"line":1,"column":32}},"loc":{"start":{"line":1,"column":45},"end":{"line":6,"column":1}}}},"branchMap":{"0":{"loc":{"start":{"line":2,"column":2},"end":{"line":2,"column":58}},"type":"if","locations":[{"start":{"line":2,"column":2},"end":{"line":2,"column":58}}]},"1":{"loc":{"start":{"line":3,"column":2},"end":{"line":3,"column":67}},"type":"if","locations":[{"start":{"line":3,"column":2},"end":{"line":3,"column":67}}]},"2":{"loc":{"start":{"line":4,"column":2},"end":{"line":4,"column":65}},"type":"if","locations":[{"start":{"line":4,"column":2},"end":{"line":4,"column":65}}]}},"s":{"0":1,"1":10,"2":2,"3":8,"4":1,"5":7,"6":1,"7":6},"f":{"0":10},"b":{"0":[2],"1":[1],"2":[1]}}
,"/Users/phantom/Documents/Solar Landscape/frontend/src/validation/enrollmentSchema.ts": {"path":"/Users/phantom/Documents/Solar Landscape/frontend/src/validation/enrollmentSchema.ts","statementMap":{"0":{"start":{"line":1,"column":0},"end":{"line":1,"column":27}},"1":{"start":{"line":3,"column":13},"end":{"line":21,"column":3}},"2":{"start":{"line":13,"column":16},"end":{"line":13,"column":82}},"3":{"start":{"line":14,"column":21},"end":{"line":18,"column":6}},"4":{"start":{"line":16,"column":18},"end":{"line":16,"column":84}},"5":{"start":{"line":17,"column":23},"end":{"line":17,"column":35}}},"fnMap":{"0":{"name":"(anonymous_9)","decl":{"start":{"line":13,"column":10},"end":{"line":13,"column":13}},"loc":{"start":{"line":13,"column":16},"end":{"line":13,"column":82}}},"1":{"name":"(anonymous_10)","decl":{"start":{"line":14,"column":15},"end":{"line":14,"column":18}},"loc":{"start":{"line":14,"column":21},"end":{"line":18,"column":6}}},"2":{"name":"(anonymous_11)","decl":{"start":{"line":16,"column":12},"end":{"line":16,"column":15}},"loc":{"start":{"line":16,"column":18},"end":{"line":16,"column":84}}},"3":{"name":"(anonymous_12)","decl":{"start":{"line":17,"column":17},"end":{"line":17,"column":20}},"loc":{"start":{"line":17,"column":23},"end":{"line":17,"column":35}}}},"branchMap":{},"s":{"0":1,"1":1,"2":22,"3":6,"4":4,"5":2},"f":{"0":22,"1":6,"2":4,"3":2},"b":{}}
}
